<?xml version="1.0" encoding="UTF-8"?>
<!-- Generated by org.testng.reporters.JUnitReportReporter -->
<testsuite skipped="0" hostname="DESKTOP-K1R1GG0" name="POMConfig.DriverPOM" tests="2" failures="0" timestamp="2022-05-24T16:52:47 IST" time="124.736" errors="0">
  <testcase name="loginTest1" time="6.227" classname="POMConfig.DriverPOM"/>
  <system-out/>
  <testcase name="sendEmailTest2" time="118.509" classname="POMConfig.DriverPOM"/>
  <system-out/>
</testsuite> <!-- POMConfig.DriverPOM -->
